<?xml version="1.0" encoding="UTF-8"?>
<testsuites name="View Dokter" time="52.352" tests="2" failures="0" errors="0">
   <testsuite name="View Dokter" tests="2" failures="0" errors="0" time="52.352" timestamp="2019-12-01 15:53:50" hostname="admin - localhost" id="Test Suites/View Dokter">
      <properties>
         <property name="deviceName" value=""/>
         <property name="devicePlatform" value=""/>
         <property name="logFolder" value="/Users/admin/Katalon Studio/Medigo Katalon/Reports/20191201_155330/View Dokter/20191201_155331"/>
         <property name="logFiles" value="/Users/admin/Katalon Studio/Medigo Katalon/Reports/20191201_155330/View Dokter/20191201_155331/execution0.log"/>
         <property name="attachments" value=""/>
         <property name="hostName" value="admin - localhost"/>
         <property name="os" value="Mac OS X 64bit"/>
         <property name="katalonVersion" value="7.0.5.1"/>
         <property name="browser" value="Chrome 78.0.3904.108"/>
         <property name="hostAddress" value="127.0.0.1"/>
         <property name="sessionId" value="f13471d3168b8fbd02a2a5ed76cb1d1b"/>
         <property name="seleniumVersion" value="3.141.59"/>
         <property name="proxyInformation" value="ProxyInformation{proxyOption=NO_PROXY, proxyServerType=HTTP, password=, proxyServerAddress=, proxyServerPort=0}"/>
         <property name="platform" value="Mac OS X"/>
      </properties>
      <testcase name="Test Cases/Login" time="42.978" classname="Test Cases/Login" status="PASSED">
         <system-out><![CDATA[2019-12-01 15:53:51 - [TEST_CASE][PASSED] - Test Cases/Login: Test Cases/Login

2019-12-01 15:53:51 - [TEST_STEP][PASSED] - openBrowser("https://hc.staging.medigo.id/login"): Browser is opened with url: 'https://hc.staging.medigo.id/login'

2019-12-01 15:53:51 - [MESSAGE][INFO] - Starting 'Chrome' driver

2019-12-01 15:53:51 - [MESSAGE][INFO] - Action delay is set to 0 seconds

2019-12-01 15:54:22 - [MESSAGE][PASSED] - Browser is opened with url: 'https://hc.staging.medigo.id/login'

2019-12-01 15:54:22 - [TEST_STEP][PASSED] - setText(findTestObject("Object Repository/Page_Masuk/Input Username"), "admintest007"): Text 'admintest007' is set on object 'Object Repository/Page_Masuk/Input Username'

2019-12-01 15:54:25 - [MESSAGE][PASSED] - Text 'admintest007' is set on object 'Object Repository/Page_Masuk/Input Username'

2019-12-01 15:54:25 - [TEST_STEP][PASSED] - setText(findTestObject("Object Repository/Page_Masuk/Input Password"), "admintest007"): Text 'admintest007' is set on object 'Object Repository/Page_Masuk/Input Password'

2019-12-01 15:54:26 - [MESSAGE][PASSED] - Text 'admintest007' is set on object 'Object Repository/Page_Masuk/Input Password'

2019-12-01 15:54:26 - [TEST_STEP][PASSED] - click(findTestObject("Object Repository/Page_Masuk/button_Masuk")): Object: 'Object Repository/Page_Masuk/button_Masuk' is clicked on

2019-12-01 15:54:27 - [MESSAGE][PASSED] - Object: 'Object Repository/Page_Masuk/button_Masuk' is clicked on

2019-12-01 15:54:27 - [TEST_STEP][PASSED] - verifyElementPresent(findTestObject("Object Repository/Page_Masuk/Decline Notification Permission Button"), 30): Object 'Object Repository/Page_Masuk/Decline Notification Permission Button' is present

2019-12-01 15:54:31 - [MESSAGE][PASSED] - Object 'Object Repository/Page_Masuk/Decline Notification Permission Button' is present

2019-12-01 15:54:31 - [TEST_STEP][PASSED] - click(findTestObject("Object Repository/Page_Masuk/Decline Notification Permission Button")): Object: 'Object Repository/Page_Masuk/Decline Notification Permission Button' is clicked on

2019-12-01 15:54:33 - [MESSAGE][PASSED] - Object: 'Object Repository/Page_Masuk/Decline Notification Permission Button' is clicked on

2019-12-01 15:54:33 - [TEST_STEP][PASSED] - verifyElementPresent(findTestObject("Object Repository/Page_Dashboard/Medigo Logo"), 30): Object 'Object Repository/Page_Dashboard/Medigo Logo' is present

2019-12-01 15:54:34 - [MESSAGE][PASSED] - Object 'Object Repository/Page_Dashboard/Medigo Logo' is present]]></system-out>
         <system-err><![CDATA[]]></system-err>
      </testcase>
      <testcase name="Test Cases/View Dokter" time="7.188" classname="Test Cases/View Dokter" status="PASSED">
         <system-out><![CDATA[2019-12-01 15:54:34 - [TEST_CASE][PASSED] - Test Cases/View Dokter: Test Cases/View Dokter

2019-12-01 15:54:35 - [TEST_STEP][PASSED] - click(findTestObject("Object Repository/Page_Dashboard/Dokter Button")): Object: 'Object Repository/Page_Dashboard/Dokter Button' is clicked on

2019-12-01 15:54:36 - [MESSAGE][PASSED] - Object: 'Object Repository/Page_Dashboard/Dokter Button' is clicked on

2019-12-01 15:54:36 - [TEST_STEP][PASSED] - verifyElementPresent(findTestObject("Object Repository/Page_Dokter/Input Search Dokter"), 30): Object 'Object Repository/Page_Dokter/Input Search Dokter' is present

2019-12-01 15:54:41 - [MESSAGE][PASSED] - Object 'Object Repository/Page_Dokter/Input Search Dokter' is present]]></system-out>
         <system-err><![CDATA[]]></system-err>
      </testcase>
      <system-out><![CDATA[2019-12-01 15:53:50 - [TEST_SUITE][PASSED] - View Dokter: Test Cases/View Dokter]]></system-out>
      <system-err><![CDATA[]]></system-err>
   </testsuite>
</testsuites>
