<?xml version="1.0" encoding="UTF-8"?>
<testsuites name="Search Dokter" time="57.769" tests="3" failures="0" errors="0">
   <testsuite name="Search Dokter" tests="3" failures="0" errors="0" time="57.769" timestamp="2019-12-01 15:54:19" hostname="admin - localhost" id="Test Suites/Search Dokter">
      <properties>
         <property name="deviceName" value=""/>
         <property name="devicePlatform" value=""/>
         <property name="logFolder" value="/Users/admin/Katalon Studio/Medigo Katalon/Reports/20191201_155330/Search Dokter/20191201_155334"/>
         <property name="logFiles" value="/Users/admin/Katalon Studio/Medigo Katalon/Reports/20191201_155330/Search Dokter/20191201_155334/execution0.log"/>
         <property name="attachments" value=""/>
         <property name="hostName" value="admin - localhost"/>
         <property name="os" value="Mac OS X 64bit"/>
         <property name="katalonVersion" value="7.0.5.1"/>
         <property name="browser" value="Chrome 78.0.3904.108"/>
         <property name="hostAddress" value="127.0.0.1"/>
         <property name="sessionId" value="378cf8bd748a77220147bf87c652e08a"/>
         <property name="seleniumVersion" value="3.141.59"/>
         <property name="proxyInformation" value="ProxyInformation{proxyOption=NO_PROXY, proxyServerType=HTTP, password=, proxyServerAddress=, proxyServerPort=0}"/>
         <property name="platform" value="Mac OS X"/>
      </properties>
      <testcase name="Test Cases/Login" time="46.338" classname="Test Cases/Login" status="PASSED">
         <system-out><![CDATA[2019-12-01 15:54:21 - [TEST_CASE][PASSED] - Test Cases/Login: Test Cases/Login

2019-12-01 15:54:23 - [TEST_STEP][PASSED] - openBrowser("https://hc.staging.medigo.id/login"): Browser is opened with url: 'https://hc.staging.medigo.id/login'

2019-12-01 15:54:25 - [MESSAGE][INFO] - Starting 'Chrome' driver

2019-12-01 15:54:25 - [MESSAGE][INFO] - Action delay is set to 0 seconds

2019-12-01 15:54:56 - [MESSAGE][PASSED] - Browser is opened with url: 'https://hc.staging.medigo.id/login'

2019-12-01 15:54:56 - [TEST_STEP][PASSED] - setText(findTestObject("Object Repository/Page_Masuk/Input Username"), "admintest007"): Text 'admintest007' is set on object 'Object Repository/Page_Masuk/Input Username'

2019-12-01 15:54:59 - [MESSAGE][PASSED] - Text 'admintest007' is set on object 'Object Repository/Page_Masuk/Input Username'

2019-12-01 15:54:59 - [TEST_STEP][PASSED] - setText(findTestObject("Object Repository/Page_Masuk/Input Password"), "admintest007"): Text 'admintest007' is set on object 'Object Repository/Page_Masuk/Input Password'

2019-12-01 15:55:00 - [MESSAGE][PASSED] - Text 'admintest007' is set on object 'Object Repository/Page_Masuk/Input Password'

2019-12-01 15:55:00 - [TEST_STEP][PASSED] - click(findTestObject("Object Repository/Page_Masuk/button_Masuk")): Object: 'Object Repository/Page_Masuk/button_Masuk' is clicked on

2019-12-01 15:55:02 - [MESSAGE][PASSED] - Object: 'Object Repository/Page_Masuk/button_Masuk' is clicked on

2019-12-01 15:55:02 - [TEST_STEP][PASSED] - verifyElementPresent(findTestObject("Object Repository/Page_Masuk/Decline Notification Permission Button"), 30): Object 'Object Repository/Page_Masuk/Decline Notification Permission Button' is present

2019-12-01 15:55:06 - [MESSAGE][PASSED] - Object 'Object Repository/Page_Masuk/Decline Notification Permission Button' is present

2019-12-01 15:55:06 - [TEST_STEP][PASSED] - click(findTestObject("Object Repository/Page_Masuk/Decline Notification Permission Button")): Object: 'Object Repository/Page_Masuk/Decline Notification Permission Button' is clicked on

2019-12-01 15:55:07 - [MESSAGE][PASSED] - Object: 'Object Repository/Page_Masuk/Decline Notification Permission Button' is clicked on

2019-12-01 15:55:07 - [TEST_STEP][PASSED] - verifyElementPresent(findTestObject("Object Repository/Page_Dashboard/Medigo Logo"), 30): Object 'Object Repository/Page_Dashboard/Medigo Logo' is present

2019-12-01 15:55:07 - [MESSAGE][PASSED] - Object 'Object Repository/Page_Dashboard/Medigo Logo' is present]]></system-out>
         <system-err><![CDATA[]]></system-err>
      </testcase>
      <testcase name="Test Cases/View Dokter" time="3.868" classname="Test Cases/View Dokter" status="PASSED">
         <system-out><![CDATA[2019-12-01 15:55:07 - [TEST_CASE][PASSED] - Test Cases/View Dokter: Test Cases/View Dokter

2019-12-01 15:55:07 - [TEST_STEP][PASSED] - click(findTestObject("Object Repository/Page_Dashboard/Dokter Button")): Object: 'Object Repository/Page_Dashboard/Dokter Button' is clicked on

2019-12-01 15:55:08 - [MESSAGE][PASSED] - Object: 'Object Repository/Page_Dashboard/Dokter Button' is clicked on

2019-12-01 15:55:08 - [TEST_STEP][PASSED] - verifyElementPresent(findTestObject("Object Repository/Page_Dokter/Input Search Dokter"), 30): Object 'Object Repository/Page_Dokter/Input Search Dokter' is present

2019-12-01 15:55:11 - [MESSAGE][PASSED] - Object 'Object Repository/Page_Dokter/Input Search Dokter' is present]]></system-out>
         <system-err><![CDATA[]]></system-err>
      </testcase>
      <testcase name="Test Cases/Search Dokter" time="4.624" classname="Test Cases/Search Dokter" status="PASSED">
         <system-out><![CDATA[2019-12-01 15:55:11 - [TEST_CASE][PASSED] - Test Cases/Search Dokter: Test Cases/Search Dokter

2019-12-01 15:55:11 - [TEST_STEP][PASSED] - name = "bdi": null

2019-12-01 15:55:11 - [TEST_STEP][PASSED] - setText(findTestObject("Object Repository/Page_Dokter/Input Search Dokter"), name): Text 'bdi' is set on object 'Object Repository/Page_Dokter/Input Search Dokter'

2019-12-01 15:55:12 - [MESSAGE][PASSED] - Text 'bdi' is set on object 'Object Repository/Page_Dokter/Input Search Dokter'

2019-12-01 15:55:12 - [TEST_STEP][PASSED] - delay(3): Delayed 3 second(s)

2019-12-01 15:55:15 - [MESSAGE][PASSED] - Delayed 3 second(s)

2019-12-01 15:55:15 - [TEST_STEP][PASSED] - compare_name = getText(findTestObject("Object Repository/Page_Dokter/Nama Dokter 1")).toString(): Text of object 'Object Repository/Page_Dokter/Nama Dokter 1' is: 'ABDI'

2019-12-01 15:55:16 - [MESSAGE][PASSED] - Text of object 'Object Repository/Page_Dokter/Nama Dokter 1' is: 'ABDI'

2019-12-01 15:55:16 - [TEST_STEP][PASSED] - UpperCaseName = name.toUpperCase(): null

2019-12-01 15:55:16 - [TEST_STEP][PASSED] - if (compare_name.contains(name) == true): null

2019-12-01 15:55:16 - [TEST_STEP][PASSED] - else if (compare_name.contains(UpperCaseName) == true): Search Success

2019-12-01 15:55:16 - [TEST_STEP][PASSED] - markPassed("Search Success"): Search Success

2019-12-01 15:55:16 - [MESSAGE][PASSED] - Search Success]]></system-out>
         <system-err><![CDATA[]]></system-err>
      </testcase>
      <system-out><![CDATA[2019-12-01 15:54:19 - [TEST_SUITE][PASSED] - Search Dokter: Test Cases/Search Dokter]]></system-out>
      <system-err><![CDATA[]]></system-err>
   </testsuite>
</testsuites>
