<?xml version="1.0" encoding="UTF-8"?>
<testsuites name="Add Dokter" time="77.545" tests="3" failures="0" errors="0">
   <testsuite name="Add Dokter" tests="3" failures="0" errors="0" time="77.545" timestamp="2019-12-01 16:07:51" hostname="admin - localhost" id="Test Suites/Add Dokter">
      <properties>
         <property name="deviceName" value=""/>
         <property name="devicePlatform" value=""/>
         <property name="logFolder" value="/Users/admin/Katalon Studio/Medigo Katalon/Reports/20191201_160055/Add Dokter/20191201_160101"/>
         <property name="logFiles" value="/Users/admin/Katalon Studio/Medigo Katalon/Reports/20191201_160055/Add Dokter/20191201_160101/execution0.log"/>
         <property name="attachments" value=""/>
         <property name="hostName" value="admin - localhost"/>
         <property name="os" value="Mac OS X 64bit"/>
         <property name="katalonVersion" value="7.0.5.1"/>
         <property name="browser" value="Chrome 78.0.3904.108"/>
         <property name="hostAddress" value="127.0.0.1"/>
         <property name="sessionId" value="88beaf6b2d68dfd22edcb4c248b1216e"/>
         <property name="seleniumVersion" value="3.141.59"/>
         <property name="proxyInformation" value="ProxyInformation{proxyOption=NO_PROXY, proxyServerType=HTTP, password=, proxyServerAddress=, proxyServerPort=0}"/>
         <property name="platform" value="Mac OS X"/>
      </properties>
      <testcase name="Test Cases/Login" time="31.723" classname="Test Cases/Login" status="PASSED">
         <system-out><![CDATA[2019-12-01 16:07:51 - [TEST_CASE][PASSED] - Test Cases/Login: Test Cases/Login

2019-12-01 16:07:51 - [TEST_STEP][PASSED] - openBrowser("https://hc.staging.medigo.id/login"): Browser is opened with url: 'https://hc.staging.medigo.id/login'

2019-12-01 16:07:52 - [MESSAGE][INFO] - Starting 'Chrome' driver

2019-12-01 16:07:52 - [MESSAGE][INFO] - Action delay is set to 0 seconds

2019-12-01 16:08:17 - [MESSAGE][PASSED] - Browser is opened with url: 'https://hc.staging.medigo.id/login'

2019-12-01 16:08:17 - [TEST_STEP][PASSED] - setText(findTestObject("Object Repository/Page_Masuk/Input Username"), "admintest007"): Text 'admintest007' is set on object 'Object Repository/Page_Masuk/Input Username'

2019-12-01 16:08:19 - [MESSAGE][PASSED] - Text 'admintest007' is set on object 'Object Repository/Page_Masuk/Input Username'

2019-12-01 16:08:19 - [TEST_STEP][PASSED] - setText(findTestObject("Object Repository/Page_Masuk/Input Password"), "admintest007"): Text 'admintest007' is set on object 'Object Repository/Page_Masuk/Input Password'

2019-12-01 16:08:19 - [MESSAGE][PASSED] - Text 'admintest007' is set on object 'Object Repository/Page_Masuk/Input Password'

2019-12-01 16:08:19 - [TEST_STEP][PASSED] - click(findTestObject("Object Repository/Page_Masuk/button_Masuk")): Object: 'Object Repository/Page_Masuk/button_Masuk' is clicked on

2019-12-01 16:08:20 - [MESSAGE][PASSED] - Object: 'Object Repository/Page_Masuk/button_Masuk' is clicked on

2019-12-01 16:08:20 - [TEST_STEP][PASSED] - verifyElementPresent(findTestObject("Object Repository/Page_Masuk/Decline Notification Permission Button"), 30): Object 'Object Repository/Page_Masuk/Decline Notification Permission Button' is present

2019-12-01 16:08:22 - [MESSAGE][PASSED] - Object 'Object Repository/Page_Masuk/Decline Notification Permission Button' is present

2019-12-01 16:08:22 - [TEST_STEP][PASSED] - click(findTestObject("Object Repository/Page_Masuk/Decline Notification Permission Button")): Object: 'Object Repository/Page_Masuk/Decline Notification Permission Button' is clicked on

2019-12-01 16:08:23 - [MESSAGE][PASSED] - Object: 'Object Repository/Page_Masuk/Decline Notification Permission Button' is clicked on

2019-12-01 16:08:23 - [TEST_STEP][PASSED] - verifyElementPresent(findTestObject("Object Repository/Page_Dashboard/Medigo Logo"), 30): Object 'Object Repository/Page_Dashboard/Medigo Logo' is present

2019-12-01 16:08:23 - [MESSAGE][PASSED] - Object 'Object Repository/Page_Dashboard/Medigo Logo' is present]]></system-out>
         <system-err><![CDATA[]]></system-err>
      </testcase>
      <testcase name="Test Cases/View Dokter" time="3.988" classname="Test Cases/View Dokter" status="PASSED">
         <system-out><![CDATA[2019-12-01 16:08:23 - [TEST_CASE][PASSED] - Test Cases/View Dokter: Test Cases/View Dokter

2019-12-01 16:08:23 - [TEST_STEP][PASSED] - click(findTestObject("Object Repository/Page_Dashboard/Dokter Button")): Object: 'Object Repository/Page_Dashboard/Dokter Button' is clicked on

2019-12-01 16:08:24 - [MESSAGE][PASSED] - Object: 'Object Repository/Page_Dashboard/Dokter Button' is clicked on

2019-12-01 16:08:24 - [TEST_STEP][PASSED] - verifyElementPresent(findTestObject("Object Repository/Page_Dokter/Input Search Dokter"), 30): Object 'Object Repository/Page_Dokter/Input Search Dokter' is present

2019-12-01 16:08:27 - [MESSAGE][PASSED] - Object 'Object Repository/Page_Dokter/Input Search Dokter' is present]]></system-out>
         <system-err><![CDATA[]]></system-err>
      </testcase>
      <testcase name="Test Cases/Add Dokter" time="41.291" classname="Test Cases/Add Dokter" status="PASSED">
         <system-out><![CDATA[2019-12-01 16:08:27 - [TEST_CASE][PASSED] - Test Cases/Add Dokter: Test Cases/Add Dokter

2019-12-01 16:08:27 - [TEST_STEP][PASSED] - openBrowser("https://hc.staging.medigo.id/login"): Browser is opened with url: 'https://hc.staging.medigo.id/login'

2019-12-01 16:08:27 - [MESSAGE][WARNING] - A browser is already opened. Closing browser and opening a new one

2019-12-01 16:08:27 - [MESSAGE][INFO] - Starting 'Chrome' driver

2019-12-01 16:08:44 - [MESSAGE][PASSED] - Browser is opened with url: 'https://hc.staging.medigo.id/login'

2019-12-01 16:08:44 - [TEST_STEP][PASSED] - setText(findTestObject("Object Repository/Page_Masuk/Input Username"), "admintest007"): Text 'admintest007' is set on object 'Object Repository/Page_Masuk/Input Username'

2019-12-01 16:08:45 - [MESSAGE][PASSED] - Text 'admintest007' is set on object 'Object Repository/Page_Masuk/Input Username'

2019-12-01 16:08:45 - [TEST_STEP][PASSED] - setText(findTestObject("Object Repository/Page_Masuk/Input Password"), "admintest007"): Text 'admintest007' is set on object 'Object Repository/Page_Masuk/Input Password'

2019-12-01 16:08:46 - [MESSAGE][PASSED] - Text 'admintest007' is set on object 'Object Repository/Page_Masuk/Input Password'

2019-12-01 16:08:46 - [TEST_STEP][PASSED] - click(findTestObject("Object Repository/Page_Masuk/button_Masuk")): Object: 'Object Repository/Page_Masuk/button_Masuk' is clicked on

2019-12-01 16:08:46 - [MESSAGE][PASSED] - Object: 'Object Repository/Page_Masuk/button_Masuk' is clicked on

2019-12-01 16:08:46 - [TEST_STEP][PASSED] - verifyElementPresent(findTestObject("Object Repository/Page_Masuk/Decline Notification Permission Button"), 30): Object 'Object Repository/Page_Masuk/Decline Notification Permission Button' is present

2019-12-01 16:08:49 - [MESSAGE][PASSED] - Object 'Object Repository/Page_Masuk/Decline Notification Permission Button' is present

2019-12-01 16:08:49 - [TEST_STEP][PASSED] - click(findTestObject("Object Repository/Page_Masuk/Decline Notification Permission Button")): Object: 'Object Repository/Page_Masuk/Decline Notification Permission Button' is clicked on

2019-12-01 16:08:49 - [MESSAGE][PASSED] - Object: 'Object Repository/Page_Masuk/Decline Notification Permission Button' is clicked on

2019-12-01 16:08:49 - [TEST_STEP][PASSED] - verifyElementPresent(findTestObject("Object Repository/Page_Dashboard/Medigo Logo"), 30): Object 'Object Repository/Page_Dashboard/Medigo Logo' is present

2019-12-01 16:08:50 - [MESSAGE][PASSED] - Object 'Object Repository/Page_Dashboard/Medigo Logo' is present

2019-12-01 16:08:50 - [TEST_STEP][PASSED] - click(findTestObject("Object Repository/Page_Dashboard/Dokter Button")): Object: 'Object Repository/Page_Dashboard/Dokter Button' is clicked on

2019-12-01 16:08:50 - [MESSAGE][PASSED] - Object: 'Object Repository/Page_Dashboard/Dokter Button' is clicked on

2019-12-01 16:08:50 - [TEST_STEP][PASSED] - verifyElementPresent(findTestObject("Object Repository/Page_Dokter/Input Search Dokter"), 30): Object 'Object Repository/Page_Dokter/Input Search Dokter' is present

2019-12-01 16:08:53 - [MESSAGE][PASSED] - Object 'Object Repository/Page_Dokter/Input Search Dokter' is present

2019-12-01 16:08:53 - [TEST_STEP][PASSED] - click(findTestObject("Object Repository/Page_Dokter/Add Dokter Button")): Object: 'Object Repository/Page_Dokter/Add Dokter Button' is clicked on

2019-12-01 16:08:54 - [MESSAGE][PASSED] - Object: 'Object Repository/Page_Dokter/Add Dokter Button' is clicked on

2019-12-01 16:08:54 - [TEST_STEP][PASSED] - NamaDokter = "Syailendra": null

2019-12-01 16:08:54 - [TEST_STEP][PASSED] - setText(findTestObject("Object Repository/Page_Tambah Dokter/Input Nama Dokter"), NamaDokter): Text 'Syailendra' is set on object 'Object Repository/Page_Tambah Dokter/Input Nama Dokter'

2019-12-01 16:08:56 - [MESSAGE][PASSED] - Text 'Syailendra' is set on object 'Object Repository/Page_Tambah Dokter/Input Nama Dokter'

2019-12-01 16:08:56 - [TEST_STEP][PASSED] - setText(findTestObject("Object Repository/Page_Tambah Dokter/Input Tanggal Lahir Dokter"), "06/10/1997"): Text '06/10/1997' is set on object 'Object Repository/Page_Tambah Dokter/Input Tanggal Lahir Dokter'

2019-12-01 16:08:56 - [MESSAGE][PASSED] - Text '06/10/1997' is set on object 'Object Repository/Page_Tambah Dokter/Input Tanggal Lahir Dokter'

2019-12-01 16:08:56 - [TEST_STEP][PASSED] - setText(findTestObject("Object Repository/Page_Tambah Dokter/Input Identity Card Number"), "1234567890123456"): Text '1234567890123456' is set on object 'Object Repository/Page_Tambah Dokter/Input Identity Card Number'

2019-12-01 16:08:58 - [MESSAGE][PASSED] - Text '1234567890123456' is set on object 'Object Repository/Page_Tambah Dokter/Input Identity Card Number'

2019-12-01 16:08:58 - [TEST_STEP][PASSED] - click(findTestObject("Object Repository/Page_Tambah Dokter/Gender Selection")): Object: 'Object Repository/Page_Tambah Dokter/Gender Selection' is clicked on

2019-12-01 16:08:58 - [MESSAGE][PASSED] - Object: 'Object Repository/Page_Tambah Dokter/Gender Selection' is clicked on

2019-12-01 16:08:58 - [TEST_STEP][PASSED] - click(findTestObject("Object Repository/Page_Tambah Dokter/Male")): Object: 'Object Repository/Page_Tambah Dokter/Male' is clicked on

2019-12-01 16:08:59 - [MESSAGE][PASSED] - Object: 'Object Repository/Page_Tambah Dokter/Male' is clicked on

2019-12-01 16:08:59 - [TEST_STEP][PASSED] - setText(findTestObject("Object Repository/Page_Tambah Dokter/Consultation Duration"), "30"): Text '30' is set on object 'Object Repository/Page_Tambah Dokter/Consultation Duration'

2019-12-01 16:09:00 - [MESSAGE][PASSED] - Text '30' is set on object 'Object Repository/Page_Tambah Dokter/Consultation Duration'

2019-12-01 16:09:00 - [TEST_STEP][PASSED] - setText(findTestObject("Object Repository/Page_Tambah Dokter/Input Phone Number"), "+6281222334455"): Text '+6281222334455' is set on object 'Object Repository/Page_Tambah Dokter/Input Phone Number'

2019-12-01 16:09:00 - [MESSAGE][PASSED] - Text '+6281222334455' is set on object 'Object Repository/Page_Tambah Dokter/Input Phone Number'

2019-12-01 16:09:00 - [TEST_STEP][PASSED] - setText(findTestObject("Object Repository/Page_Tambah Dokter/Input Email"), "Syailendra@gmail.com"): Text 'Syailendra@gmail.com' is set on object 'Object Repository/Page_Tambah Dokter/Input Email'

2019-12-01 16:09:01 - [MESSAGE][PASSED] - Text 'Syailendra@gmail.com' is set on object 'Object Repository/Page_Tambah Dokter/Input Email'

2019-12-01 16:09:01 - [TEST_STEP][PASSED] - setText(findTestObject("Object Repository/Page_Tambah Dokter/Input Spesialization"), "Spesialis Penyakit Dalam"): Text 'Spesialis Penyakit Dalam' is set on object 'Object Repository/Page_Tambah Dokter/Input Spesialization'

2019-12-01 16:09:02 - [MESSAGE][PASSED] - Text 'Spesialis Penyakit Dalam' is set on object 'Object Repository/Page_Tambah Dokter/Input Spesialization'

2019-12-01 16:09:02 - [TEST_STEP][PASSED] - setText(findTestObject("Object Repository/Page_Tambah Dokter/Input Poliklinik"), "Akupuntur"): Text 'Akupuntur' is set on object 'Object Repository/Page_Tambah Dokter/Input Poliklinik'

2019-12-01 16:09:03 - [MESSAGE][PASSED] - Text 'Akupuntur' is set on object 'Object Repository/Page_Tambah Dokter/Input Poliklinik'

2019-12-01 16:09:03 - [TEST_STEP][PASSED] - click(findTestObject("Object Repository/Page_Tambah Dokter/div_Simpan")): Object: 'Object Repository/Page_Tambah Dokter/div_Simpan' is clicked on

2019-12-01 16:09:03 - [MESSAGE][PASSED] - Object: 'Object Repository/Page_Tambah Dokter/div_Simpan' is clicked on

2019-12-01 16:09:03 - [TEST_STEP][PASSED] - setText(findTestObject("Object Repository/Page_Dokter/Input Search Dokter"), NamaDokter): Text 'Syailendra' is set on object 'Object Repository/Page_Dokter/Input Search Dokter'

2019-12-01 16:09:05 - [MESSAGE][PASSED] - Text 'Syailendra' is set on object 'Object Repository/Page_Dokter/Input Search Dokter'

2019-12-01 16:09:05 - [TEST_STEP][PASSED] - delay(3): Delayed 3 second(s)

2019-12-01 16:09:08 - [MESSAGE][PASSED] - Delayed 3 second(s)

2019-12-01 16:09:08 - [TEST_STEP][PASSED] - compare_name = getText(findTestObject("Object Repository/Page_Dokter/Nama Dokter 1")).toString(): Text of object 'Object Repository/Page_Dokter/Nama Dokter 1' is: 'SYAILENDRA WR.Dr,Sp.KJ'

2019-12-01 16:09:08 - [MESSAGE][PASSED] - Text of object 'Object Repository/Page_Dokter/Nama Dokter 1' is: 'SYAILENDRA WR.Dr,Sp.KJ'

2019-12-01 16:09:08 - [TEST_STEP][PASSED] - UpperCaseName = NamaDokter.toUpperCase(): null

2019-12-01 16:09:08 - [TEST_STEP][PASSED] - if (compare_name.contains(NamaDokter) == true): null

2019-12-01 16:09:08 - [TEST_STEP][PASSED] - else if (compare_name.contains(UpperCaseName) == true): Search Success

2019-12-01 16:09:08 - [TEST_STEP][PASSED] - markPassed("Search Success"): Search Success

2019-12-01 16:09:08 - [MESSAGE][PASSED] - Search Success]]></system-out>
         <system-err><![CDATA[]]></system-err>
      </testcase>
      <system-out><![CDATA[2019-12-01 16:07:51 - [TEST_SUITE][PASSED] - Add Dokter: Test Cases/Add Dokter]]></system-out>
      <system-err><![CDATA[]]></system-err>
   </testsuite>
</testsuites>
