<?xml version="1.0" encoding="UTF-8"?>
<testsuites name="View Active Dokter" time="65.551" tests="3" failures="0" errors="0">
   <testsuite name="View Active Dokter" tests="3" failures="0" errors="0" time="65.551" timestamp="2019-12-01 15:53:57" hostname="admin - localhost" id="Test Suites/View Active Dokter">
      <properties>
         <property name="deviceName" value=""/>
         <property name="devicePlatform" value=""/>
         <property name="logFolder" value="/Users/admin/Katalon Studio/Medigo Katalon/Reports/20191201_155330/View Active Dokter/20191201_155332"/>
         <property name="logFiles" value="/Users/admin/Katalon Studio/Medigo Katalon/Reports/20191201_155330/View Active Dokter/20191201_155332/execution0.log"/>
         <property name="attachments" value=""/>
         <property name="hostName" value="admin - localhost"/>
         <property name="os" value="Mac OS X 64bit"/>
         <property name="katalonVersion" value="7.0.5.1"/>
         <property name="browser" value="Chrome 78.0.3904.108"/>
         <property name="hostAddress" value="127.0.0.1"/>
         <property name="sessionId" value="04c1b151d02867f1ef0d97b2f3dbbe78"/>
         <property name="seleniumVersion" value="3.141.59"/>
         <property name="proxyInformation" value="ProxyInformation{proxyOption=NO_PROXY, proxyServerType=HTTP, password=, proxyServerAddress=, proxyServerPort=0}"/>
         <property name="platform" value="Mac OS X"/>
      </properties>
      <testcase name="Test Cases/Login" time="51.122" classname="Test Cases/Login" status="PASSED">
         <system-out><![CDATA[2019-12-01 15:53:57 - [TEST_CASE][PASSED] - Test Cases/Login: Test Cases/Login

2019-12-01 15:53:58 - [TEST_STEP][PASSED] - openBrowser("https://hc.staging.medigo.id/login"): Browser is opened with url: 'https://hc.staging.medigo.id/login'

2019-12-01 15:53:58 - [MESSAGE][INFO] - Starting 'Chrome' driver

2019-12-01 15:53:58 - [MESSAGE][INFO] - Action delay is set to 0 seconds

2019-12-01 15:54:32 - [MESSAGE][PASSED] - Browser is opened with url: 'https://hc.staging.medigo.id/login'

2019-12-01 15:54:32 - [TEST_STEP][PASSED] - setText(findTestObject("Object Repository/Page_Masuk/Input Username"), "admintest007"): Text 'admintest007' is set on object 'Object Repository/Page_Masuk/Input Username'

2019-12-01 15:54:37 - [MESSAGE][PASSED] - Text 'admintest007' is set on object 'Object Repository/Page_Masuk/Input Username'

2019-12-01 15:54:37 - [TEST_STEP][PASSED] - setText(findTestObject("Object Repository/Page_Masuk/Input Password"), "admintest007"): Text 'admintest007' is set on object 'Object Repository/Page_Masuk/Input Password'

2019-12-01 15:54:39 - [MESSAGE][PASSED] - Text 'admintest007' is set on object 'Object Repository/Page_Masuk/Input Password'

2019-12-01 15:54:39 - [TEST_STEP][PASSED] - click(findTestObject("Object Repository/Page_Masuk/button_Masuk")): Object: 'Object Repository/Page_Masuk/button_Masuk' is clicked on

2019-12-01 15:54:40 - [MESSAGE][PASSED] - Object: 'Object Repository/Page_Masuk/button_Masuk' is clicked on

2019-12-01 15:54:40 - [TEST_STEP][PASSED] - verifyElementPresent(findTestObject("Object Repository/Page_Masuk/Decline Notification Permission Button"), 30): Object 'Object Repository/Page_Masuk/Decline Notification Permission Button' is present

2019-12-01 15:54:47 - [MESSAGE][PASSED] - Object 'Object Repository/Page_Masuk/Decline Notification Permission Button' is present

2019-12-01 15:54:47 - [TEST_STEP][PASSED] - click(findTestObject("Object Repository/Page_Masuk/Decline Notification Permission Button")): Object: 'Object Repository/Page_Masuk/Decline Notification Permission Button' is clicked on

2019-12-01 15:54:48 - [MESSAGE][PASSED] - Object: 'Object Repository/Page_Masuk/Decline Notification Permission Button' is clicked on

2019-12-01 15:54:48 - [TEST_STEP][PASSED] - verifyElementPresent(findTestObject("Object Repository/Page_Dashboard/Medigo Logo"), 30): Object 'Object Repository/Page_Dashboard/Medigo Logo' is present

2019-12-01 15:54:49 - [MESSAGE][PASSED] - Object 'Object Repository/Page_Dashboard/Medigo Logo' is present]]></system-out>
         <system-err><![CDATA[]]></system-err>
      </testcase>
      <testcase name="Test Cases/View Dokter" time="6.278" classname="Test Cases/View Dokter" status="PASSED">
         <system-out><![CDATA[2019-12-01 15:54:49 - [TEST_CASE][PASSED] - Test Cases/View Dokter: Test Cases/View Dokter

2019-12-01 15:54:49 - [TEST_STEP][PASSED] - click(findTestObject("Object Repository/Page_Dashboard/Dokter Button")): Object: 'Object Repository/Page_Dashboard/Dokter Button' is clicked on

2019-12-01 15:54:50 - [MESSAGE][PASSED] - Object: 'Object Repository/Page_Dashboard/Dokter Button' is clicked on

2019-12-01 15:54:50 - [TEST_STEP][PASSED] - verifyElementPresent(findTestObject("Object Repository/Page_Dokter/Input Search Dokter"), 30): Object 'Object Repository/Page_Dokter/Input Search Dokter' is present

2019-12-01 15:54:55 - [MESSAGE][PASSED] - Object 'Object Repository/Page_Dokter/Input Search Dokter' is present]]></system-out>
         <system-err><![CDATA[]]></system-err>
      </testcase>
      <testcase name="Test Cases/View Active Dokter" time="6.351" classname="Test Cases/View Active Dokter" status="PASSED">
         <system-out><![CDATA[2019-12-01 15:54:55 - [TEST_CASE][PASSED] - Test Cases/View Active Dokter: Test Cases/View Active Dokter

2019-12-01 15:54:57 - [TEST_STEP][PASSED] - click(findTestObject("Object Repository/Page_Dokter/Aktif Button")): Object: 'Object Repository/Page_Dokter/Aktif Button' is clicked on

2019-12-01 15:54:58 - [MESSAGE][PASSED] - Object: 'Object Repository/Page_Dokter/Aktif Button' is clicked on

2019-12-01 15:54:58 - [TEST_STEP][PASSED] - verifyElementText(findTestObject("Object Repository/Page_Dokter/Status Dokter 1"), "Aktif"): Actual text and expected text of test object 'Object Repository/Page_Dokter/Status Dokter 1' are matched.

2019-12-01 15:55:01 - [MESSAGE][PASSED] - Actual text and expected text of test object 'Object Repository/Page_Dokter/Status Dokter 1' are matched.]]></system-out>
         <system-err><![CDATA[]]></system-err>
      </testcase>
      <system-out><![CDATA[2019-12-01 15:53:57 - [TEST_SUITE][PASSED] - View Active Dokter: Test Cases/View Active Dokter]]></system-out>
      <system-err><![CDATA[]]></system-err>
   </testsuite>
</testsuites>
