<?xml version="1.0" encoding="UTF-8"?>
<testsuites name="Login" time="32.055" tests="1" failures="0" errors="0">
   <testsuite name="Login" tests="1" failures="0" errors="0" time="32.055" timestamp="2019-12-01 16:01:11" hostname="admin - localhost" id="Test Suites/Login">
      <properties>
         <property name="deviceName" value=""/>
         <property name="devicePlatform" value=""/>
         <property name="logFolder" value="/Users/admin/Katalon Studio/Medigo Katalon/Reports/20191201_160055/Login/20191201_160055"/>
         <property name="logFiles" value="/Users/admin/Katalon Studio/Medigo Katalon/Reports/20191201_160055/Login/20191201_160055/execution0.log"/>
         <property name="attachments" value=""/>
         <property name="hostName" value="admin - localhost"/>
         <property name="os" value="Mac OS X 64bit"/>
         <property name="katalonVersion" value="7.0.5.1"/>
         <property name="browser" value="Chrome 78.0.3904.108"/>
         <property name="hostAddress" value="127.0.0.1"/>
         <property name="sessionId" value="50a62e2de79ff86c19e1a82bccb5e0bc"/>
         <property name="seleniumVersion" value="3.141.59"/>
         <property name="proxyInformation" value="ProxyInformation{proxyOption=NO_PROXY, proxyServerType=HTTP, password=, proxyServerAddress=, proxyServerPort=0}"/>
         <property name="platform" value="Mac OS X"/>
      </properties>
      <testcase name="Test Cases/Login" time="31.347" classname="Test Cases/Login" status="PASSED">
         <system-out><![CDATA[2019-12-01 16:01:11 - [TEST_CASE][PASSED] - Test Cases/Login: Test Cases/Login

2019-12-01 16:01:12 - [TEST_STEP][PASSED] - openBrowser("https://hc.staging.medigo.id/login"): Browser is opened with url: 'https://hc.staging.medigo.id/login'

2019-12-01 16:01:12 - [MESSAGE][INFO] - Starting 'Chrome' driver

2019-12-01 16:01:12 - [MESSAGE][INFO] - Action delay is set to 0 seconds

2019-12-01 16:01:36 - [MESSAGE][PASSED] - Browser is opened with url: 'https://hc.staging.medigo.id/login'

2019-12-01 16:01:36 - [TEST_STEP][PASSED] - setText(findTestObject("Object Repository/Page_Masuk/Input Username"), "admintest007"): Text 'admintest007' is set on object 'Object Repository/Page_Masuk/Input Username'

2019-12-01 16:01:37 - [MESSAGE][PASSED] - Text 'admintest007' is set on object 'Object Repository/Page_Masuk/Input Username'

2019-12-01 16:01:37 - [TEST_STEP][PASSED] - setText(findTestObject("Object Repository/Page_Masuk/Input Password"), "admintest007"): Text 'admintest007' is set on object 'Object Repository/Page_Masuk/Input Password'

2019-12-01 16:01:38 - [MESSAGE][PASSED] - Text 'admintest007' is set on object 'Object Repository/Page_Masuk/Input Password'

2019-12-01 16:01:38 - [TEST_STEP][PASSED] - click(findTestObject("Object Repository/Page_Masuk/button_Masuk")): Object: 'Object Repository/Page_Masuk/button_Masuk' is clicked on

2019-12-01 16:01:38 - [MESSAGE][PASSED] - Object: 'Object Repository/Page_Masuk/button_Masuk' is clicked on

2019-12-01 16:01:39 - [TEST_STEP][PASSED] - verifyElementPresent(findTestObject("Object Repository/Page_Masuk/Decline Notification Permission Button"), 30): Object 'Object Repository/Page_Masuk/Decline Notification Permission Button' is present

2019-12-01 16:01:42 - [MESSAGE][PASSED] - Object 'Object Repository/Page_Masuk/Decline Notification Permission Button' is present

2019-12-01 16:01:42 - [TEST_STEP][PASSED] - click(findTestObject("Object Repository/Page_Masuk/Decline Notification Permission Button")): Object: 'Object Repository/Page_Masuk/Decline Notification Permission Button' is clicked on

2019-12-01 16:01:42 - [MESSAGE][PASSED] - Object: 'Object Repository/Page_Masuk/Decline Notification Permission Button' is clicked on

2019-12-01 16:01:42 - [TEST_STEP][PASSED] - verifyElementPresent(findTestObject("Object Repository/Page_Dashboard/Medigo Logo"), 30): Object 'Object Repository/Page_Dashboard/Medigo Logo' is present

2019-12-01 16:01:43 - [MESSAGE][PASSED] - Object 'Object Repository/Page_Dashboard/Medigo Logo' is present]]></system-out>
         <system-err><![CDATA[]]></system-err>
      </testcase>
      <system-out><![CDATA[2019-12-01 16:01:11 - [TEST_SUITE][PASSED] - Login: Test Cases/Login]]></system-out>
      <system-err><![CDATA[]]></system-err>
   </testsuite>
</testsuites>
